This is XeTeX, Version 3.141592653-2.6-0.999997 (MiKTeX 25.12) (preloaded format=xelatex 2026.4.16)  18 APR 2026 21:45
entering extended mode
 restricted \write18 enabled.
 %&-line parsing enabled.
**./poster.tex
(poster.tex
LaTeX2e <2025-11-01>
L3 programming layer <2025-12-24>
(C:\Users\eliot\AppData\Local\Programs\MiKTeX3\tex/latex/beamer\beamer.cls
Document Class: beamer 2026/01/22 v3.77 A class for typesetting presentations

(C:\Users\eliot\AppData\Local\Programs\MiKTeX3\tex/latex/beamer\beamerbasemodes
.sty
(C:\Users\eliot\AppData\Local\Programs\MiKTeX3\tex/latex/etoolbox\etoolbox.sty
Package: etoolbox 2025/10/02 v2.5m e-TeX tools for LaTeX (JAW)
\etb@tempcnta=\count271
)
\beamer@tempbox=\box53
\beamer@tempcount=\count272
\c@beamerpauses=\count273

(C:\Users\eliot\AppData\Local\Programs\MiKTeX3\tex/latex/beamer\beamerbasedecod
e.sty
\beamer@slideinframe=\count274
\beamer@minimum=\count275
\beamer@decode@box=\box54
)
\beamer@commentbox=\box55
\beamer@modecount=\count276
)
(C:\Users\eliot\AppData\Local\Programs\MiKTeX3\tex/generic/iftex\iftex.sty
Package: iftex 2024/12/12 v1.0g TeX engine tests
)
\headdp=\dimen148
\footheight=\dimen149
\sidebarheight=\dimen150
\beamer@tempdim=\dimen151
\beamer@finalheight=\dimen152
\beamer@animht=\dimen153
\beamer@animdp=\dimen154
\beamer@animwd=\dimen155
\beamer@leftmargin=\dimen156
\beamer@rightmargin=\dimen157
\beamer@leftsidebar=\dimen158
\beamer@rightsidebar=\dimen159
\beamer@boxsize=\dimen160
\beamer@vboxoffset=\dimen161
\beamer@descdefault=\dimen162
\beamer@descriptionwidth=\dimen163
\beamer@lastskip=\skip49
\beamer@areabox=\box56
\beamer@animcurrent=\box57
\beamer@animshowbox=\box58
\beamer@sectionbox=\box59
\beamer@logobox=\box60
\beamer@linebox=\box61
\beamer@sectioncount=\count277
\beamer@subsubsectionmax=\count278
\beamer@subsectionmax=\count279
\beamer@sectionmax=\count280
\beamer@totalheads=\count281
\beamer@headcounter=\count282
\beamer@partstartpage=\count283
\beamer@sectionstartpage=\count284
\beamer@subsectionstartpage=\count285
\beamer@animationtempa=\count286
\beamer@animationtempb=\count287
\beamer@xpos=\count288
\beamer@ypos=\count289
\beamer@ypos@offset=\count290
\beamer@showpartnumber=\count291
\beamer@currentsubsection=\count292
\beamer@coveringdepth=\count293
\beamer@sectionadjust=\count294
\beamer@toclastsection=\count295
\beamer@tocsectionnumber=\count296

(C:\Users\eliot\AppData\Local\Programs\MiKTeX3\tex/latex/beamer\beamerbaseoptio
ns.sty
(C:\Users\eliot\AppData\Local\Programs\MiKTeX3\tex/latex/graphics\keyval.sty
Package: keyval 2022/05/29 v1.15 key=value parser (DPC)
\KV@toks@=\toks17
))
\beamer@paperwidth=\skip50
\beamer@paperheight=\skip51

(C:\Users\eliot\AppData\Local\Programs\MiKTeX3\tex/latex/geometry\geometry.sty
Package: geometry 2026/03/07 v6.0 Page Geometry

(C:\Users\eliot\AppData\Local\Programs\MiKTeX3\tex/generic/iftex\ifvtex.sty
Package: ifvtex 2019/10/25 v1.7 ifvtex legacy package. Use iftex instead.
)
\Gm@cnth=\count297
\Gm@cntv=\count298
\c@Gm@tempcnt=\count299
\Gm@bindingoffset=\dimen164
\Gm@wd@mp=\dimen165
\Gm@odd@mp=\dimen166
\Gm@even@mp=\dimen167
\Gm@layoutwidth=\dimen168
\Gm@layoutheight=\dimen169
\Gm@layouthoffset=\dimen170
\Gm@layoutvoffset=\dimen171
\Gm@dimlist=\toks18

(C:\Users\eliot\AppData\Local\Programs\MiKTeX3\tex/latex/geometry\geometry.cfg)
) (C:\Users\eliot\AppData\Local\Programs\MiKTeX3\tex/latex/pgf/math\pgfmath.sty

(C:\Users\eliot\AppData\Local\Programs\MiKTeX3\tex/latex/pgf/utilities\pgfrcs.s
ty
(C:\Users\eliot\AppData\Local\Programs\MiKTeX3\tex/generic/pgf/utilities\pgfuti
l-common.tex
\pgfutil@everybye=\toks19
\pgfutil@tempdima=\dimen172
\pgfutil@tempdimb=\dimen173
)
(C:\Users\eliot\AppData\Local\Programs\MiKTeX3\tex/generic/pgf/utilities\pgfuti
l-latex.def
\pgfutil@abb=\box62
)
(C:\Users\eliot\AppData\Local\Programs\MiKTeX3\tex/generic/pgf/utilities\pgfrcs
.code.tex
(C:\Users\eliot\AppData\Local\Programs\MiKTeX3\tex/generic/pgf\pgf.revision.tex
)
Package: pgfrcs 2025-08-29 v3.1.11a (3.1.11a)
))
(C:\Users\eliot\AppData\Local\Programs\MiKTeX3\tex/latex/pgf/utilities\pgfkeys.
sty
(C:\Users\eliot\AppData\Local\Programs\MiKTeX3\tex/generic/pgf/utilities\pgfkey
s.code.tex
\pgfkeys@pathtoks=\toks20
\pgfkeys@temptoks=\toks21

(C:\Users\eliot\AppData\Local\Programs\MiKTeX3\tex/generic/pgf/utilities\pgfkey
slibraryfiltered.code.tex
\pgfkeys@tmptoks=\toks22
)))
(C:\Users\eliot\AppData\Local\Programs\MiKTeX3\tex/generic/pgf/math\pgfmath.cod
e.tex
(C:\Users\eliot\AppData\Local\Programs\MiKTeX3\tex/generic/pgf/math\pgfmathutil
.code.tex
\pgf@x=\dimen174
\pgf@xa=\dimen175
\pgf@xb=\dimen176
\pgf@xc=\dimen177
\pgf@y=\dimen178
\pgf@ya=\dimen179
\pgf@yb=\dimen180
\pgf@yc=\dimen181
\c@pgf@counta=\count300
\c@pgf@countb=\count301
\c@pgf@countc=\count302
\c@pgf@countd=\count303
)
(C:\Users\eliot\AppData\Local\Programs\MiKTeX3\tex/generic/pgf/math\pgfmathpars
er.code.tex
\pgfmath@dimen=\dimen182
\pgfmath@count=\count304
\pgfmath@box=\box63
\pgfmath@toks=\toks23
\pgfmath@stack@operand=\toks24
\pgfmath@stack@operation=\toks25
)
(C:\Users\eliot\AppData\Local\Programs\MiKTeX3\tex/generic/pgf/math\pgfmathfunc
tions.code.tex)
(C:\Users\eliot\AppData\Local\Programs\MiKTeX3\tex/generic/pgf/math\pgfmathfunc
tions.basic.code.tex)
(C:\Users\eliot\AppData\Local\Programs\MiKTeX3\tex/generic/pgf/math\pgfmathfunc
tions.trigonometric.code.tex)
(C:\Users\eliot\AppData\Local\Programs\MiKTeX3\tex/generic/pgf/math\pgfmathfunc
tions.random.code.tex)
(C:\Users\eliot\AppData\Local\Programs\MiKTeX3\tex/generic/pgf/math\pgfmathfunc
tions.comparison.code.tex)
(C:\Users\eliot\AppData\Local\Programs\MiKTeX3\tex/generic/pgf/math\pgfmathfunc
tions.base.code.tex)
(C:\Users\eliot\AppData\Local\Programs\MiKTeX3\tex/generic/pgf/math\pgfmathfunc
tions.round.code.tex)
(C:\Users\eliot\AppData\Local\Programs\MiKTeX3\tex/generic/pgf/math\pgfmathfunc
tions.misc.code.tex)
(C:\Users\eliot\AppData\Local\Programs\MiKTeX3\tex/generic/pgf/math\pgfmathfunc
tions.integerarithmetics.code.tex)
(C:\Users\eliot\AppData\Local\Programs\MiKTeX3\tex/generic/pgf/math\pgfmathcalc
.code.tex)
(C:\Users\eliot\AppData\Local\Programs\MiKTeX3\tex/generic/pgf/math\pgfmathfloa
t.code.tex
\c@pgfmathroundto@lastzeros=\count305
)))
(C:\Users\eliot\AppData\Local\Programs\MiKTeX3\tex/latex/base\size11.clo
File: size11.clo 2025/01/22 v1.4n Standard LaTeX file (size option)
)
(C:\Users\eliot\AppData\Local\Programs\MiKTeX3\tex/latex/pgf/basiclayer\pgfcore
.sty
(C:\Users\eliot\AppData\Local\Programs\MiKTeX3\tex/latex/graphics\graphicx.sty
Package: graphicx 2024/12/31 v1.2e Enhanced LaTeX Graphics (DPC,SPQR)

(C:\Users\eliot\AppData\Local\Programs\MiKTeX3\tex/latex/graphics\graphics.sty
Package: graphics 2024/08/06 v1.4g Standard LaTeX Graphics (DPC,SPQR)

(C:\Users\eliot\AppData\Local\Programs\MiKTeX3\tex/latex/graphics\trig.sty
Package: trig 2023/12/02 v1.11 sin cos tan (DPC)
)
(C:\Users\eliot\AppData\Local\Programs\MiKTeX3\tex/latex/graphics-cfg\graphics.
cfg
File: graphics.cfg 2016/06/04 v1.11 sample graphics configuration
)
Package graphics Info: Driver file: xetex.def on input line 106.

(C:\Users\eliot\AppData\Local\Programs\MiKTeX3\tex/latex/graphics-def\xetex.def
File: xetex.def 2025/11/01 v5.0p Graphics/color driver for xetex
))
\Gin@req@height=\dimen183
\Gin@req@width=\dimen184
)
(C:\Users\eliot\AppData\Local\Programs\MiKTeX3\tex/latex/pgf/systemlayer\pgfsys
.sty
(C:\Users\eliot\AppData\Local\Programs\MiKTeX3\tex/generic/pgf/systemlayer\pgfs
ys.code.tex
Package: pgfsys 2025-08-29 v3.1.11a (3.1.11a)
\pgf@x=\dimen185
\pgf@y=\dimen186
\pgf@xa=\dimen187
\pgf@ya=\dimen188
\pgf@xb=\dimen189
\pgf@yb=\dimen190
\pgf@xc=\dimen191
\pgf@yc=\dimen192
\pgf@xd=\dimen193
\pgf@yd=\dimen194
\w@pgf@writea=\write3
\r@pgf@reada=\read2
\c@pgf@counta=\count306
\c@pgf@countb=\count307
\c@pgf@countc=\count308
\c@pgf@countd=\count309
\t@pgf@toka=\toks26
\t@pgf@tokb=\toks27
\t@pgf@tokc=\toks28
\pgf@sys@id@count=\count310

(C:\Users\eliot\AppData\Local\Programs\MiKTeX3\tex/generic/pgf/systemlayer\pgf.
cfg
File: pgf.cfg 2025-08-29 v3.1.11a (3.1.11a)
)
Driver file for pgf: pgfsys-xetex.def

(C:\Users\eliot\AppData\Local\Programs\MiKTeX3\tex/generic/pgf/systemlayer\pgfs
ys-xetex.def
File: pgfsys-xetex.def 2025-08-29 v3.1.11a (3.1.11a)

(C:\Users\eliot\AppData\Local\Programs\MiKTeX3\tex/generic/pgf/systemlayer\pgfs
ys-dvipdfmx.def
File: pgfsys-dvipdfmx.def 2025-08-29 v3.1.11a (3.1.11a)

(C:\Users\eliot\AppData\Local\Programs\MiKTeX3\tex/generic/pgf/systemlayer\pgfs
ys-common-pdf.def
File: pgfsys-common-pdf.def 2025-08-29 v3.1.11a (3.1.11a)
)
\pgfsys@objnum=\count311
)))
(C:\Users\eliot\AppData\Local\Programs\MiKTeX3\tex/generic/pgf/systemlayer\pgfs
yssoftpath.code.tex
File: pgfsyssoftpath.code.tex 2025-08-29 v3.1.11a (3.1.11a)
\pgfsyssoftpath@smallbuffer@items=\count312
\pgfsyssoftpath@bigbuffer@items=\count313
)
(C:\Users\eliot\AppData\Local\Programs\MiKTeX3\tex/generic/pgf/systemlayer\pgfs
ysprotocol.code.tex
File: pgfsysprotocol.code.tex 2025-08-29 v3.1.11a (3.1.11a)
))
(C:\Users\eliot\AppData\Local\Programs\MiKTeX3\tex/latex/xcolor\xcolor.sty
Package: xcolor 2024/09/29 v3.02 LaTeX color extensions (UK)

(C:\Users\eliot\AppData\Local\Programs\MiKTeX3\tex/latex/graphics-cfg\color.cfg
File: color.cfg 2016/01/02 v1.6 sample color configuration
)
Package xcolor Info: Driver file: xetex.def on input line 274.

(C:\Users\eliot\AppData\Local\Programs\MiKTeX3\tex/latex/graphics\mathcolor.ltx
)
Package xcolor Info: Model `cmy' substituted by `cmy0' on input line 1349.
Package xcolor Info: Model `RGB' extended on input line 1365.
Package xcolor Info: Model `HTML' substituted by `rgb' on input line 1367.
Package xcolor Info: Model `Hsb' substituted by `hsb' on input line 1368.
Package xcolor Info: Model `tHsb' substituted by `hsb' on input line 1369.
Package xcolor Info: Model `HSB' substituted by `hsb' on input line 1370.
Package xcolor Info: Model `Gray' substituted by `gray' on input line 1371.
Package xcolor Info: Model `wave' substituted by `hsb' on input line 1372.
)
(C:\Users\eliot\AppData\Local\Programs\MiKTeX3\tex/generic/pgf/basiclayer\pgfco
re.code.tex
Package: pgfcore 2025-08-29 v3.1.11a (3.1.11a)

(C:\Users\eliot\AppData\Local\Programs\MiKTeX3\tex/generic/pgf/math\pgfint.code
.tex)
(C:\Users\eliot\AppData\Local\Programs\MiKTeX3\tex/generic/pgf/basiclayer\pgfco
repoints.code.tex
File: pgfcorepoints.code.tex 2025-08-29 v3.1.11a (3.1.11a)
\pgf@picminx=\dimen195
\pgf@picmaxx=\dimen196
\pgf@picminy=\dimen197
\pgf@picmaxy=\dimen198
\pgf@pathminx=\dimen199
\pgf@pathmaxx=\dimen256
\pgf@pathminy=\dimen257
\pgf@pathmaxy=\dimen258
\pgf@xx=\dimen259
\pgf@xy=\dimen260
\pgf@yx=\dimen261
\pgf@yy=\dimen262
\pgf@zx=\dimen263
\pgf@zy=\dimen264
)
(C:\Users\eliot\AppData\Local\Programs\MiKTeX3\tex/generic/pgf/basiclayer\pgfco
repathconstruct.code.tex
File: pgfcorepathconstruct.code.tex 2025-08-29 v3.1.11a (3.1.11a)
\pgf@path@lastx=\dimen265
\pgf@path@lasty=\dimen266
)
(C:\Users\eliot\AppData\Local\Programs\MiKTeX3\tex/generic/pgf/basiclayer\pgfco
repathusage.code.tex
File: pgfcorepathusage.code.tex 2025-08-29 v3.1.11a (3.1.11a)
\pgf@shorten@end@additional=\dimen267
\pgf@shorten@start@additional=\dimen268
)
(C:\Users\eliot\AppData\Local\Programs\MiKTeX3\tex/generic/pgf/basiclayer\pgfco
rescopes.code.tex
File: pgfcorescopes.code.tex 2025-08-29 v3.1.11a (3.1.11a)
\pgfpic=\box64
\pgf@hbox=\box65
\pgf@layerbox@main=\box66
\pgf@picture@serial@count=\count314
)
(C:\Users\eliot\AppData\Local\Programs\MiKTeX3\tex/generic/pgf/basiclayer\pgfco
regraphicstate.code.tex
File: pgfcoregraphicstate.code.tex 2025-08-29 v3.1.11a (3.1.11a)
\pgflinewidth=\dimen269
)
(C:\Users\eliot\AppData\Local\Programs\MiKTeX3\tex/generic/pgf/basiclayer\pgfco
retransformations.code.tex
File: pgfcoretransformations.code.tex 2025-08-29 v3.1.11a (3.1.11a)
\pgf@pt@x=\dimen270
\pgf@pt@y=\dimen271
\pgf@pt@temp=\dimen272
)
(C:\Users\eliot\AppData\Local\Programs\MiKTeX3\tex/generic/pgf/basiclayer\pgfco
requick.code.tex
File: pgfcorequick.code.tex 2025-08-29 v3.1.11a (3.1.11a)
)
(C:\Users\eliot\AppData\Local\Programs\MiKTeX3\tex/generic/pgf/basiclayer\pgfco
reobjects.code.tex
File: pgfcoreobjects.code.tex 2025-08-29 v3.1.11a (3.1.11a)
)
(C:\Users\eliot\AppData\Local\Programs\MiKTeX3\tex/generic/pgf/basiclayer\pgfco
repathprocessing.code.tex
File: pgfcorepathprocessing.code.tex 2025-08-29 v3.1.11a (3.1.11a)
)
(C:\Users\eliot\AppData\Local\Programs\MiKTeX3\tex/generic/pgf/basiclayer\pgfco
rearrows.code.tex
File: pgfcorearrows.code.tex 2025-08-29 v3.1.11a (3.1.11a)
\pgfarrowsep=\dimen273
)
(C:\Users\eliot\AppData\Local\Programs\MiKTeX3\tex/generic/pgf/basiclayer\pgfco
reshade.code.tex
File: pgfcoreshade.code.tex 2025-08-29 v3.1.11a (3.1.11a)
\pgf@max=\dimen274
\pgf@sys@shading@range@num=\count315
\pgf@shadingcount=\count316
)
(C:\Users\eliot\AppData\Local\Programs\MiKTeX3\tex/generic/pgf/basiclayer\pgfco
reimage.code.tex
File: pgfcoreimage.code.tex 2025-08-29 v3.1.11a (3.1.11a)
)
(C:\Users\eliot\AppData\Local\Programs\MiKTeX3\tex/generic/pgf/basiclayer\pgfco
reexternal.code.tex
File: pgfcoreexternal.code.tex 2025-08-29 v3.1.11a (3.1.11a)
\pgfexternal@startupbox=\box67
)
(C:\Users\eliot\AppData\Local\Programs\MiKTeX3\tex/generic/pgf/basiclayer\pgfco
relayers.code.tex
File: pgfcorelayers.code.tex 2025-08-29 v3.1.11a (3.1.11a)
)
(C:\Users\eliot\AppData\Local\Programs\MiKTeX3\tex/generic/pgf/basiclayer\pgfco
retransparency.code.tex
File: pgfcoretransparency.code.tex 2025-08-29 v3.1.11a (3.1.11a)
)
(C:\Users\eliot\AppData\Local\Programs\MiKTeX3\tex/generic/pgf/basiclayer\pgfco
repatterns.code.tex
File: pgfcorepatterns.code.tex 2025-08-29 v3.1.11a (3.1.11a)
)
(C:\Users\eliot\AppData\Local\Programs\MiKTeX3\tex/generic/pgf/basiclayer\pgfco
rerdf.code.tex
File: pgfcorerdf.code.tex 2025-08-29 v3.1.11a (3.1.11a)
)))
(C:\Users\eliot\AppData\Local\Programs\MiKTeX3\tex/latex/pgf/utilities\xxcolor.
sty
Package: xxcolor 2003/10/24 ver 0.1
\XC@nummixins=\count317
\XC@countmixins=\count318
)
(C:\Users\eliot\AppData\Local\Programs\MiKTeX3\tex/latex/base\atbegshi-ltx.sty
Package: atbegshi-ltx 2021/01/10 v1.0c Emulation of the original atbegshi
package with kernel methods
) (C:\Users\eliot\AppData\Local\Programs\MiKTeX3\tex/latex/hyperref\hyperref.st
y
Package: hyperref 2025-07-12 v7.01o Hypertext links for LaTeX

(C:\Users\eliot\AppData\Local\Programs\MiKTeX3\tex/latex/kvsetkeys\kvsetkeys.st
y
Package: kvsetkeys 2022-10-05 v1.19 Key value parser (HO)
)
(C:\Users\eliot\AppData\Local\Programs\MiKTeX3\tex/generic/kvdefinekeys\kvdefin
ekeys.sty
Package: kvdefinekeys 2019-12-19 v1.6 Define keys (HO)
)
(C:\Users\eliot\AppData\Local\Programs\MiKTeX3\tex/generic/pdfescape\pdfescape.
sty
Package: pdfescape 2019/12/09 v1.15 Implements pdfTeX's escape features (HO)

(C:\Users\eliot\AppData\Local\Programs\MiKTeX3\tex/generic/ltxcmds\ltxcmds.sty
Package: ltxcmds 2023-12-04 v1.26 LaTeX kernel commands for general use (HO)
)
(C:\Users\eliot\AppData\Local\Programs\MiKTeX3\tex/generic/pdftexcmds\pdftexcmd
s.sty
Package: pdftexcmds 2020-06-27 v0.33 Utility functions of pdfTeX for LuaTeX (HO
)

(C:\Users\eliot\AppData\Local\Programs\MiKTeX3\tex/generic/infwarerr\infwarerr.
sty
Package: infwarerr 2019/12/03 v1.5 Providing info/warning/error messages (HO)
)
Package pdftexcmds Info: \pdf@primitive is available.
Package pdftexcmds Info: \pdf@ifprimitive is available.
Package pdftexcmds Info: \pdfdraftmode not found.
))
(C:\Users\eliot\AppData\Local\Programs\MiKTeX3\tex/latex/hycolor\hycolor.sty
Package: hycolor 2020-01-27 v1.10 Color options for hyperref/bookmark (HO)
)
(C:\Users\eliot\AppData\Local\Programs\MiKTeX3\tex/latex/hyperref\nameref.sty
Package: nameref 2025-06-21 v2.57 Cross-referencing by name of section

(C:\Users\eliot\AppData\Local\Programs\MiKTeX3\tex/latex/refcount\refcount.sty
Package: refcount 2019/12/15 v3.6 Data extraction from label references (HO)
)
(C:\Users\eliot\AppData\Local\Programs\MiKTeX3\tex/generic/gettitlestring\getti
tlestring.sty
Package: gettitlestring 2019/12/15 v1.6 Cleanup title references (HO)

(C:\Users\eliot\AppData\Local\Programs\MiKTeX3\tex/latex/kvoptions\kvoptions.st
y
Package: kvoptions 2022-06-15 v3.15 Key value format for package options (HO)
))
\c@section@level=\count319
)
(C:\Users\eliot\AppData\Local\Programs\MiKTeX3\tex/generic/stringenc\stringenc.
sty
Package: stringenc 2019/11/29 v1.12 Convert strings between diff. encodings (HO
)
)
\@linkdim=\dimen275
\Hy@linkcounter=\count320
\Hy@pagecounter=\count321

(C:\Users\eliot\AppData\Local\Programs\MiKTeX3\tex/latex/hyperref\pd1enc.def
File: pd1enc.def 2025-07-12 v7.01o Hyperref: PDFDocEncoding definition (HO)
)
(C:\Users\eliot\AppData\Local\Programs\MiKTeX3\tex/generic/intcalc\intcalc.sty
Package: intcalc 2019/12/15 v1.3 Expandable calculations with integers (HO)
)
\Hy@SavedSpaceFactor=\count322
(C:\Users\eliot\AppData\Local\Programs\MiKTeX3\tex/latex/hyperref\puenc.def
File: puenc.def 2025-07-12 v7.01o Hyperref: PDF Unicode definition (HO)
)
Package hyperref Info: Option `final' set `true' on input line 4066.
Package hyperref Info: Option `bookmarks' set `true' on input line 4066.
Package hyperref Info: Option `bookmarksopen' set `true' on input line 4066.
Package hyperref Info: Option `implicit' set `false' on input line 4066.
Package hyperref Info: Hyper figures OFF on input line 4195.
Package hyperref Info: Link nesting OFF on input line 4200.
Package hyperref Info: Hyper index ON on input line 4203.
Package hyperref Info: Plain pages OFF on input line 4210.
Package hyperref Info: Backreferencing OFF on input line 4215.
Package hyperref Info: Implicit mode OFF; no redefinition of LaTeX internals.
Package hyperref Info: Bookmarks ON on input line 4462.
\c@Hy@tempcnt=\count323

(C:\Users\eliot\AppData\Local\Programs\MiKTeX3\tex/latex/url\url.sty
\Urlmuskip=\muskip17
Package: url 2013/09/16  ver 3.4  Verb mode for urls, etc.
)
LaTeX Info: Redefining \url on input line 4801.
\XeTeXLinkMargin=\dimen276

(C:\Users\eliot\AppData\Local\Programs\MiKTeX3\tex/generic/bitset\bitset.sty
Package: bitset 2019/12/09 v1.3 Handle bit-vector datatype (HO)

(C:\Users\eliot\AppData\Local\Programs\MiKTeX3\tex/generic/bigintcalc\bigintcal
c.sty
Package: bigintcalc 2019/12/15 v1.5 Expandable calculations on big integers (HO
)
))
\Fld@menulength=\count324
\Field@Width=\dimen277
\Fld@charsize=\dimen278
Package hyperref Info: Hyper figures OFF on input line 6078.
Package hyperref Info: Link nesting OFF on input line 6083.
Package hyperref Info: Hyper index ON on input line 6086.
Package hyperref Info: backreferencing OFF on input line 6093.
Package hyperref Info: Link coloring OFF on input line 6098.
Package hyperref Info: Link coloring with OCG OFF on input line 6103.
Package hyperref Info: PDF/A mode OFF on input line 6108.
\Hy@abspage=\count325


Package hyperref Message: Stopped early.

)
Package hyperref Info: Driver (autodetected): hxetex.
 (C:\Users\eliot\AppData\Local\Programs\MiKTeX3\tex/latex/hyperref\hxetex.def
File: hxetex.def 2025-07-12 v7.01o Hyperref driver for XeTeX
\pdfm@box=\box68
\c@Hy@AnnotLevel=\count326
\HyField@AnnotCount=\count327
\Fld@listcount=\count328
\c@bookmark@seq@number=\count329

(C:\Users\eliot\AppData\Local\Programs\MiKTeX3\tex/latex/rerunfilecheck\rerunfi
lecheck.sty
Package: rerunfilecheck 2025-06-21 v1.11 Rerun checks for auxiliary files (HO)

(C:\Users\eliot\AppData\Local\Programs\MiKTeX3\tex/generic/uniquecounter\unique
counter.sty
Package: uniquecounter 2019/12/15 v1.4 Provide unlimited unique counter (HO)
)
Package uniquecounter Info: New unique counter `rerunfilecheck' on input line 2
84.
))
(C:\Users\eliot\AppData\Local\Programs\MiKTeX3\tex/latex/beamer\beamerbaserequi
res.sty
(C:\Users\eliot\AppData\Local\Programs\MiKTeX3\tex/latex/beamer\beamerbasecompa
tibility.sty)
(C:\Users\eliot\AppData\Local\Programs\MiKTeX3\tex/latex/beamer\beamerbasefont.
sty
(C:\Users\eliot\AppData\Local\Programs\MiKTeX3\tex/latex/amsfonts\amssymb.sty
Package: amssymb 2013/01/14 v3.01 AMS font symbols

(C:\Users\eliot\AppData\Local\Programs\MiKTeX3\tex/latex/amsfonts\amsfonts.sty
Package: amsfonts 2013/01/14 v3.01 Basic AMSFonts support
\@emptytoks=\toks29
\symAMSa=\mathgroup4
\symAMSb=\mathgroup5
LaTeX Font Info:    Redeclaring math symbol \hbar on input line 98.
LaTeX Font Info:    Overwriting math alphabet `\mathfrak' in version `bold'
(Font)                  U/euf/m/n --> U/euf/b/n on input line 106.
))
(C:\Users\eliot\AppData\Local\Programs\MiKTeX3\tex/latex/sansmathaccent\sansmat
haccent.sty
Package: sansmathaccent 2020/01/31

(C:\Users\eliot\AppData\Local\Programs\MiKTeX3\tex/latex/koma-script\scrlfile.s
ty
Package: scrlfile 2026/02/02 v3.49.2 KOMA-Script package (file load hooks)

(C:\Users\eliot\AppData\Local\Programs\MiKTeX3\tex/latex/koma-script\scrlfile-h
ook.sty
Package: scrlfile-hook 2026/02/02 v3.49.2 KOMA-Script package (using LaTeX hook
s)

(C:\Users\eliot\AppData\Local\Programs\MiKTeX3\tex/latex/koma-script\scrlogo.st
y
Package: scrlogo 2026/02/02 v3.49.2 KOMA-Script package (logo)
)))))
(C:\Users\eliot\AppData\Local\Programs\MiKTeX3\tex/latex/beamer\beamerbasetrans
lator.sty
(C:\Users\eliot\AppData\Local\Programs\MiKTeX3\tex/latex/translator\translator.
sty
Package: translator 2021-05-31 v1.12d Easy translation of strings in LaTeX
))
(C:\Users\eliot\AppData\Local\Programs\MiKTeX3\tex/latex/beamer\beamerbasemisc.
sty)
(C:\Users\eliot\AppData\Local\Programs\MiKTeX3\tex/latex/beamer\beamerbasetwosc
reens.sty)
(C:\Users\eliot\AppData\Local\Programs\MiKTeX3\tex/latex/beamer\beamerbaseoverl
ay.sty
\beamer@argscount=\count330
\beamer@lastskipcover=\skip52
\beamer@trivlistdepth=\count331
)
(C:\Users\eliot\AppData\Local\Programs\MiKTeX3\tex/latex/beamer\beamerbasetitle
.sty)
(C:\Users\eliot\AppData\Local\Programs\MiKTeX3\tex/latex/beamer\beamerbasesecti
on.sty
\c@lecture=\count332
\c@part=\count333
\c@section=\count334
\c@subsection=\count335
\c@subsubsection=\count336
)
(C:\Users\eliot\AppData\Local\Programs\MiKTeX3\tex/latex/beamer\beamerbaseframe
.sty
\beamer@framebox=\box69
\beamer@frametitlebox=\box70
\beamer@zoombox=\box71
\beamer@zoomcount=\count337
\beamer@zoomframecount=\count338
\beamer@frametextheight=\dimen279
\c@subsectionslide=\count339
\beamer@frametopskip=\skip53
\beamer@framebottomskip=\skip54
\beamer@frametopskipautobreak=\skip55
\beamer@framebottomskipautobreak=\skip56
\beamer@envbody=\toks30
\framewidth=\dimen280
\c@framenumber=\count340
)
(C:\Users\eliot\AppData\Local\Programs\MiKTeX3\tex/latex/beamer\beamerbaseverba
tim.sty
\beamer@verbatimfileout=\write4
)
(C:\Users\eliot\AppData\Local\Programs\MiKTeX3\tex/latex/beamer\beamerbaseframe
size.sty
\beamer@splitbox=\box72
\beamer@autobreakcount=\count341
\beamer@autobreaklastheight=\dimen281
\beamer@frametitletoks=\toks31
\beamer@framesubtitletoks=\toks32
)
(C:\Users\eliot\AppData\Local\Programs\MiKTeX3\tex/latex/beamer\beamerbaseframe
components.sty
\beamer@colheight=\skip57
\beamer@footins=\box73
)
(C:\Users\eliot\AppData\Local\Programs\MiKTeX3\tex/latex/beamer\beamerbasecolor
.sty)
(C:\Users\eliot\AppData\Local\Programs\MiKTeX3\tex/latex/beamer\beamerbasenotes
.sty
\beamer@frameboxcopy=\box74
)
(C:\Users\eliot\AppData\Local\Programs\MiKTeX3\tex/latex/beamer\beamerbasetoc.s
ty)
(C:\Users\eliot\AppData\Local\Programs\MiKTeX3\tex/latex/beamer\beamerbasetempl
ates.sty
\beamer@sbttoks=\toks33

(C:\Users\eliot\AppData\Local\Programs\MiKTeX3\tex/latex/beamer\beamerbaseauxte
mplates.sty
(C:\Users\eliot\AppData\Local\Programs\MiKTeX3\tex/latex/beamer\beamerbaseboxes
.sty
\bmb@box=\box75
\bmb@colorbox=\box76
\bmb@boxwidth=\dimen282
\bmb@boxheight=\dimen283
\bmb@prevheight=\dimen284
\bmb@temp=\dimen285
\bmb@dima=\dimen286
\bmb@dimb=\dimen287
\bmb@prevheight=\dimen288
)
\beamer@blockheadheight=\dimen289
))
(C:\Users\eliot\AppData\Local\Programs\MiKTeX3\tex/latex/beamer\beamerbaselocal
structure.sty
(C:\Users\eliot\AppData\Local\Programs\MiKTeX3\tex/latex/tools\enumerate.sty
Package: enumerate 2023/07/04 v3.00 enumerate extensions (DPC)
\@enLab=\toks34
)
\beamer@bibiconwidth=\skip58
\c@figure=\count342
\c@table=\count343
\abovecaptionskip=\skip59
\belowcaptionskip=\skip60
)
(C:\Users\eliot\AppData\Local\Programs\MiKTeX3\tex/latex/beamer\beamerbasenavig
ation.sty
(C:\Users\eliot\AppData\Local\Programs\MiKTeX3\tex/latex/beamer\beamerbasenavig
ationsymbols.tex)
\beamer@section@min@dim=\dimen290
)
(C:\Users\eliot\AppData\Local\Programs\MiKTeX3\tex/latex/beamer\beamerbasetheor
ems.sty
(C:\Users\eliot\AppData\Local\Programs\MiKTeX3\tex/latex/amsmath\amsmath.sty
Package: amsmath 2025/07/09 v2.17z AMS math features
\@mathmargin=\skip61

For additional information on amsmath, use the `?' option.
(C:\Users\eliot\AppData\Local\Programs\MiKTeX3\tex/latex/amsmath\amstext.sty
Package: amstext 2024/11/17 v2.01 AMS text

(C:\Users\eliot\AppData\Local\Programs\MiKTeX3\tex/latex/amsmath\amsgen.sty
File: amsgen.sty 1999/11/30 v2.0 generic functions
\@emptytoks=\toks35
\ex@=\dimen291
))
(C:\Users\eliot\AppData\Local\Programs\MiKTeX3\tex/latex/amsmath\amsbsy.sty
Package: amsbsy 1999/11/29 v1.2d Bold Symbols
\pmbraise@=\dimen292
)
(C:\Users\eliot\AppData\Local\Programs\MiKTeX3\tex/latex/amsmath\amsopn.sty
Package: amsopn 2022/04/08 v2.04 operator names
)
\inf@bad=\count344
LaTeX Info: Redefining \frac on input line 233.
\uproot@=\count345
\leftroot@=\count346
LaTeX Info: Redefining \overline on input line 398.
LaTeX Info: Redefining \colon on input line 409.
\classnum@=\count347
\DOTSCASE@=\count348
LaTeX Info: Redefining \ldots on input line 495.
LaTeX Info: Redefining \dots on input line 498.
LaTeX Info: Redefining \cdots on input line 619.
\Mathstrutbox@=\box77
\strutbox@=\box78
LaTeX Info: Redefining \big on input line 721.
LaTeX Info: Redefining \Big on input line 722.
LaTeX Info: Redefining \bigg on input line 723.
LaTeX Info: Redefining \Bigg on input line 724.
\big@size=\dimen293
LaTeX Font Info:    Redeclaring font encoding OML on input line 742.
LaTeX Font Info:    Redeclaring font encoding OMS on input line 743.
\macc@depth=\count349
LaTeX Info: Redefining \bmod on input line 904.
LaTeX Info: Redefining \pmod on input line 909.
LaTeX Info: Redefining \smash on input line 939.
LaTeX Info: Redefining \relbar on input line 969.
LaTeX Info: Redefining \Relbar on input line 970.
\c@MaxMatrixCols=\count350
\dotsspace@=\muskip18
\c@parentequation=\count351
\dspbrk@lvl=\count352
\tag@help=\toks36
\row@=\count353
\column@=\count354
\maxfields@=\count355
\andhelp@=\toks37
\eqnshift@=\dimen294
\alignsep@=\dimen295
\tagshift@=\dimen296
\tagwidth@=\dimen297
\totwidth@=\dimen298
\lineht@=\dimen299
\@envbody=\toks38
\multlinegap=\skip62
\multlinetaggap=\skip63
\mathdisplay@stack=\toks39
LaTeX Info: Redefining \[ on input line 2950.
LaTeX Info: Redefining \] on input line 2951.
)
(C:\Users\eliot\AppData\Local\Programs\MiKTeX3\tex/latex/amscls\amsthm.sty
Package: amsthm 2020/05/29 v2.20.6
\thm@style=\toks40
\thm@bodyfont=\toks41
\thm@headfont=\toks42
\thm@notefont=\toks43
\thm@headpunct=\toks44
\thm@preskip=\skip64
\thm@postskip=\skip65
\thm@headsep=\skip66
\dth@everypar=\toks45
)
\c@theorem=\count356
)
(C:\Users\eliot\AppData\Local\Programs\MiKTeX3\tex/latex/beamer\beamerbasetheme
s.sty))
(C:\Users\eliot\AppData\Local\Programs\MiKTeX3\tex/latex/beamer\beamerthemedefa
ult.sty
(C:\Users\eliot\AppData\Local\Programs\MiKTeX3\tex/latex/beamer\beamerfonttheme
default.sty)
(C:\Users\eliot\AppData\Local\Programs\MiKTeX3\tex/latex/beamer\beamercolorthem
edefault.sty)
(C:\Users\eliot\AppData\Local\Programs\MiKTeX3\tex/latex/beamer\beamerinnerthem
edefault.sty
\beamer@dima=\dimen300
\beamer@dimb=\dimen301
)
(C:\Users\eliot\AppData\Local\Programs\MiKTeX3\tex/latex/beamer\beamerouterthem
edefault.sty)))
(C:\Users\eliot\AppData\Local\Programs\MiKTeX3\tex/latex/base\fontenc.sty
Package: fontenc 2025/07/18 v2.1d Standard LaTeX package
LaTeX Font Info:    Trying to load font information for T1+lmss on input line 1
16.

(C:\Users\eliot\AppData\Local\Programs\MiKTeX3\tex/latex/lm\t1lmss.fd
File: t1lmss.fd 2015/05/01 v1.6.1 Font defs for Latin Modern
))
(C:\Users\eliot\AppData\Local\Programs\MiKTeX3\tex/latex/lm\lmodern.sty
Package: lmodern 2015/05/01 v1.6.1 Latin Modern Fonts
LaTeX Font Info:    Overwriting symbol font `operators' in version `normal'
(Font)                  OT1/cmr/m/n --> OT1/lmr/m/n on input line 22.
LaTeX Font Info:    Overwriting symbol font `letters' in version `normal'
(Font)                  OML/cmm/m/it --> OML/lmm/m/it on input line 23.
LaTeX Font Info:    Overwriting symbol font `symbols' in version `normal'
(Font)                  OMS/cmsy/m/n --> OMS/lmsy/m/n on input line 24.
LaTeX Font Info:    Overwriting symbol font `largesymbols' in version `normal'
(Font)                  OMX/cmex/m/n --> OMX/lmex/m/n on input line 25.
LaTeX Font Info:    Overwriting symbol font `operators' in version `bold'
(Font)                  OT1/cmr/bx/n --> OT1/lmr/bx/n on input line 26.
LaTeX Font Info:    Overwriting symbol font `letters' in version `bold'
(Font)                  OML/cmm/b/it --> OML/lmm/b/it on input line 27.
LaTeX Font Info:    Overwriting symbol font `symbols' in version `bold'
(Font)                  OMS/cmsy/b/n --> OMS/lmsy/b/n on input line 28.
LaTeX Font Info:    Overwriting symbol font `largesymbols' in version `bold'
(Font)                  OMX/cmex/m/n --> OMX/lmex/m/n on input line 29.
LaTeX Font Info:    Overwriting math alphabet `\mathbf' in version `normal'
(Font)                  OT1/cmr/bx/n --> OT1/lmr/bx/n on input line 31.
LaTeX Font Info:    Overwriting math alphabet `\mathsf' in version `normal'
(Font)                  OT1/cmss/m/n --> OT1/lmss/m/n on input line 32.
LaTeX Font Info:    Overwriting math alphabet `\mathit' in version `normal'
(Font)                  OT1/cmr/m/it --> OT1/lmr/m/it on input line 33.
LaTeX Font Info:    Overwriting math alphabet `\mathtt' in version `normal'
(Font)                  OT1/cmtt/m/n --> OT1/lmtt/m/n on input line 34.
LaTeX Font Info:    Overwriting math alphabet `\mathbf' in version `bold'
(Font)                  OT1/cmr/bx/n --> OT1/lmr/bx/n on input line 35.
LaTeX Font Info:    Overwriting math alphabet `\mathsf' in version `bold'
(Font)                  OT1/cmss/bx/n --> OT1/lmss/bx/n on input line 36.
LaTeX Font Info:    Overwriting math alphabet `\mathit' in version `bold'
(Font)                  OT1/cmr/bx/it --> OT1/lmr/bx/it on input line 37.
LaTeX Font Info:    Overwriting math alphabet `\mathtt' in version `bold'
(Font)                  OT1/cmtt/m/n --> OT1/lmtt/m/n on input line 38.
)
(C:\Users\eliot\AppData\Local\Programs\MiKTeX3\tex/latex/beamerposter\beamerpos
ter.sty
Package: beamerposter 2018/04/23 v.1.13 latex-beamer poster extension

(C:\Users\eliot\AppData\Local\Programs\MiKTeX3\tex/latex/xkeyval\xkeyval.sty
Package: xkeyval 2022/06/16 v2.9 package option processing (HA)

(C:\Users\eliot\AppData\Local\Programs\MiKTeX3\tex/generic/xkeyval\xkeyval.tex
(C:\Users\eliot\AppData\Local\Programs\MiKTeX3\tex/generic/xkeyval\xkvutils.tex
\XKV@toks=\toks46
\XKV@tempa@toks=\toks47
)
\XKV@depth=\count357
File: xkeyval.tex 2014/12/03 v2.7a key=value parser (HA)
))
(C:\Users\eliot\AppData\Local\Programs\MiKTeX3\tex/latex/type1cm\type1cm.sty
Package: type1cm 2002/09/05 v0.04 BlueSky/Y&Y Type1 CM font definitions (DPC, p
atched RF)
)
(C:\Users\eliot\AppData\Local\Programs\MiKTeX3\tex/latex/fp\fp.sty
Package: fp 1995/04/02

`Fixed Point Package', Version 0.8, April 2, 1995 (C) Michael Mehlich
(C:\Users\eliot\AppData\Local\Programs\MiKTeX3\tex/latex/fp\defpattern.sty
Package: defpattern 1994/10/12
\actioncount=\count358
)
(C:\Users\eliot\AppData\Local\Programs\MiKTeX3\tex/latex/fp\fp-basic.sty
Package: fp-basic 1996/05/13
\FP@xs=\count359
\FP@xia=\count360
\FP@xib=\count361
\FP@xfa=\count362
\FP@xfb=\count363
\FP@rega=\count364
\FP@regb=\count365
\FP@regs=\count366
\FP@times=\count367
)
(C:\Users\eliot\AppData\Local\Programs\MiKTeX3\tex/latex/fp\fp-addons.sty
Package: fp-addons 1995/03/15
)
(C:\Users\eliot\AppData\Local\Programs\MiKTeX3\tex/latex/fp\fp-snap.sty
Package: fp-snap 1995/04/05
)
(C:\Users\eliot\AppData\Local\Programs\MiKTeX3\tex/latex/fp\fp-exp.sty
Package: fp-exp 1995/04/03
)
(C:\Users\eliot\AppData\Local\Programs\MiKTeX3\tex/latex/fp\fp-trigo.sty
Package: fp-trigo 1995/04/14
)
(C:\Users\eliot\AppData\Local\Programs\MiKTeX3\tex/latex/fp\fp-pas.sty
Package: fp-pas 1994/08/29
)
(C:\Users\eliot\AppData\Local\Programs\MiKTeX3\tex/latex/fp\fp-random.sty
Package: fp-random 1995/02/23
\FPseed=\count368
)
(C:\Users\eliot\AppData\Local\Programs\MiKTeX3\tex/latex/fp\fp-eqn.sty
Package: fp-eqn 1995/04/03
)
(C:\Users\eliot\AppData\Local\Programs\MiKTeX3\tex/latex/fp\fp-upn.sty
Package: fp-upn 1996/10/21
)
(C:\Users\eliot\AppData\Local\Programs\MiKTeX3\tex/latex/fp\fp-eval.sty
Package: fp-eval 1995/04/03
))
Package beamerposter Info: checking size input, please wait. on input line 129.

Package beamerposter Info: the input a0\ 1\ was correct, we proceed. on input l
ine 129.
Package beamerposter Info: finished size input check. on input line 129.
Package beamerposter Info: myfontscale=1.0 on input line 129.
Package beamerposter Info: checking size input, please wait. on input line 130.

Package beamerposter Info: the input custom\ 6\ was correct, we proceed. on inp
ut line 130.
Package beamerposter Info: finished size input check. on input line 130.
Package beamerposter Info: custom poster width=122 on input line 130.
Package beamerposter Info: custom poster height=91 on input line 130.
Package beamerposter Info: myfontscale=1.2 on input line 130.

( FP-UPN ( FP-MUL ) ( FP-ROUND ) ) ( FP-UPN ( FP-SUB ) ) ( FP-UPN ( FP-SUB ) )
Package beamerposter Info: paperwidth=3471.2362pt, paperheight=2589.20078pt on 
input line 173.
Package beamerposter Info: textwidth=3442.78346pt, textheight=2560.74802pt on i
nput line 174.
Package beamerposter Info: fontscale=1.0, myfontscale=1.20 on input line 175.

( FP-UPN ( FP-MUL ) ( FP-ROUND ) ) ( FP-UPN ( FP-MUL ) ( FP-ROUND ) ) ( FP-UPN
( FP-MUL ) ( FP-ROUND ) ) ( FP-UPN ( FP-MUL ) ( FP-ROUND ) ) ( FP-UPN ( FP-MUL
) ( FP-ROUND ) ) ( FP-UPN ( FP-MUL ) ( FP-ROUND ) ) ( FP-UPN ( FP-MUL )
( FP-ROUND ) ) ( FP-UPN ( FP-MUL ) ( FP-ROUND ) ) ( FP-UPN ( FP-MUL )
( FP-ROUND ) ) ( FP-UPN ( FP-MUL ) ( FP-ROUND ) ) ( FP-UPN ( FP-MUL )
( FP-ROUND ) ) ( FP-UPN ( FP-MUL ) ( FP-ROUND ) ) ( FP-UPN ( FP-MUL )
( FP-ROUND ) ) ( FP-UPN ( FP-MUL ) ( FP-ROUND ) ) ( FP-UPN ( FP-MUL )
( FP-ROUND ) ) ( FP-UPN ( FP-MUL ) ( FP-ROUND ) ) ( FP-UPN ( FP-MUL )
( FP-ROUND ) ) ( FP-UPN ( FP-MUL ) ( FP-ROUND ) ) ( FP-UPN ( FP-MUL )
( FP-ROUND ) ) ( FP-UPN ( FP-MUL ) ( FP-ROUND ) ) ( FP-UPN ( FP-MUL )
( FP-ROUND ) ) ( FP-UPN ( FP-MUL ) ( FP-ROUND ) ) ( FP-UPN ( FP-MUL )
( FP-ROUND ) ) ( FP-UPN ( FP-MUL ) ( FP-ROUND ) ) ( FP-UPN ( FP-MUL )
( FP-ROUND ) ) ( FP-UPN ( FP-MUL ) ( FP-ROUND ) ) ( FP-UPN ( FP-MUL )
( FP-ROUND ) ) ( FP-UPN ( FP-MUL ) ( FP-ROUND ) ) ( FP-UPN ( FP-MUL )
( FP-ROUND ) ) ( FP-UPN ( FP-MUL ) ( FP-ROUND ) ) ( FP-UPN ( FP-MUL )
( FP-ROUND ) ) ( FP-UPN ( FP-MUL ) ( FP-ROUND ) )) (beamerthemegemini.sty
(C:\Users\eliot\AppData\Local\Programs\MiKTeX3\tex/latex/base\exscale.sty
Package: exscale 2025/06/05 v2.1i Standard LaTeX package exscale
LaTeX Font Info:    Redeclaring symbol font `largesymbols' on input line 57.
LaTeX Font Info:    Overwriting symbol font `largesymbols' in version `normal'
(Font)                  OMX/lmex/m/n --> OMX/cmex/m/n on input line 57.
LaTeX Font Info:    Overwriting symbol font `largesymbols' in version `bold'
(Font)                  OMX/lmex/m/n --> OMX/cmex/m/n on input line 57.
\big@size=\dimen302
)
(C:\Users\eliot\AppData\Local\Programs\MiKTeX3\tex/latex/ragged2e\ragged2e.sty
Package: ragged2e 2023/06/22 v3.6 ragged2e Package
\CenteringLeftskip=\skip67
\RaggedLeftLeftskip=\skip68
\RaggedRightLeftskip=\skip69
\CenteringRightskip=\skip70
\RaggedLeftRightskip=\skip71
\RaggedRightRightskip=\skip72
\CenteringParfillskip=\skip73
\RaggedLeftParfillskip=\skip74
\RaggedRightParfillskip=\skip75
\JustifyingParfillskip=\skip76
\CenteringParindent=\skip77
\RaggedLeftParindent=\skip78
\RaggedRightParindent=\skip79
\JustifyingParindent=\skip80
)
(C:\Users\eliot\AppData\Local\Programs\MiKTeX3\tex/latex/changepage\changepage.
sty
Package: changepage 2009/10/20 v1.0c check page and change page layout
\c@cp@cntr=\count369
\cp@tempcnt=\count370
)
(C:\Users\eliot\AppData\Local\Programs\MiKTeX3\tex/latex/fontspec\fontspec.sty
(C:\Users\eliot\AppData\Local\Programs\MiKTeX3\tex/latex/l3packages/xparse\xpar
se.sty
(C:\Users\eliot\AppData\Local\Programs\MiKTeX3\tex/latex/l3kernel\expl3.sty
Package: expl3 2025-12-24 L3 programming layer (loader) 

(C:\Users\eliot\AppData\Local\Programs\MiKTeX3\tex/latex/l3backend\l3backend-xe
tex.def
File: l3backend-xetex.def 2025-10-09 L3 backend support: XeTeX
\g__graphics_track_int=\count371
\g__pdfannot_backend_int=\count372
\g__pdfannot_backend_link_int=\count373
))
Package: xparse 2025-10-09 L3 Experimental document command parser
)
Package: fontspec 2025/09/29 v2.9g Font selection for XeLaTeX and LuaLaTeX

(C:\Users\eliot\AppData\Local\Programs\MiKTeX3\tex/latex/fontspec\fontspec-xete
x.sty
Package: fontspec-xetex 2025/09/29 v2.9g Font selection for XeLaTeX and LuaLaTe
X
\l__fontspec_script_int=\count374
\l__fontspec_language_int=\count375
\l__fontspec_strnum_int=\count376
\l__fontspec_tmp_int=\count377
\l__fontspec_tmpa_int=\count378
\l__fontspec_tmpb_int=\count379
\l__fontspec_tmpc_int=\count380
\l__fontspec_em_int=\count381
\l__fontspec_emdef_int=\count382
\l__fontspec_strong_int=\count383
\l__fontspec_strongdef_int=\count384
\l__fontspec_tmpa_dim=\dimen303
\l__fontspec_tmpb_dim=\dimen304
\l__fontspec_tmpc_dim=\dimen305
 (C:\Users\eliot\AppData\Local\Programs\MiKTeX3\tex/latex/base\fontenc.sty
Package: fontenc 2025/07/18 v2.1d Standard LaTeX package
)
(C:\Users\eliot\AppData\Local\Programs\MiKTeX3\tex/latex/fontspec\fontspec.cfg)
)) (C:\Users\eliot\AppData\Local\Programs\MiKTeX3\tex/latex/tools\calc.sty
Package: calc 2025/03/01 v4.3b Infix arithmetic (KKT,FJ)
\calc@Acount=\count385
\calc@Bcount=\count386
\calc@Adimen=\dimen306
\calc@Bdimen=\dimen307
\calc@Askip=\skip81
\calc@Bskip=\skip82
LaTeX Info: Redefining \setlength on input line 86.
LaTeX Info: Redefining \addtolength on input line 87.
\calc@Ccount=\count387
\calc@Cskip=\skip83
)
(C:\Users\eliot\AppData\Local\Programs\MiKTeX3\tex/latex/beamer\beamerfonttheme
professionalfonts.sty)
\logoleftwidth=\skip84
\logorightwidth=\skip85
\maxlogowidth=\skip86
) (beamercolorthememsu.sty)
(C:\Users\eliot\AppData\Local\Programs\MiKTeX3\tex/latex/booktabs\booktabs.sty
Package: booktabs 2020/01/12 v1.61803398 Publication quality tables
\heavyrulewidth=\dimen308
\lightrulewidth=\dimen309
\cmidrulewidth=\dimen310
\belowrulesep=\dimen311
\belowbottomsep=\dimen312
\aboverulesep=\dimen313
\abovetopsep=\dimen314
\cmidrulesep=\dimen315
\cmidrulekern=\dimen316
\defaultaddspace=\dimen317
\@cmidla=\count388
\@cmidlb=\count389
\@aboverulesep=\dimen318
\@belowrulesep=\dimen319
\@thisruleclass=\count390
\@lastruleclass=\count391
\@thisrulewidth=\dimen320
)
(C:\Users\eliot\AppData\Local\Programs\MiKTeX3\tex/latex/pgf/frontendlayer\tikz
.sty
(C:\Users\eliot\AppData\Local\Programs\MiKTeX3\tex/latex/pgf/basiclayer\pgf.sty
Package: pgf 2025-08-29 v3.1.11a (3.1.11a)

(C:\Users\eliot\AppData\Local\Programs\MiKTeX3\tex/generic/pgf/modules\pgfmodul
eshapes.code.tex
File: pgfmoduleshapes.code.tex 2025-08-29 v3.1.11a (3.1.11a)
\pgfnodeparttextbox=\box79
)
(C:\Users\eliot\AppData\Local\Programs\MiKTeX3\tex/generic/pgf/modules\pgfmodul
eplot.code.tex
File: pgfmoduleplot.code.tex 2025-08-29 v3.1.11a (3.1.11a)
)
(C:\Users\eliot\AppData\Local\Programs\MiKTeX3\tex/latex/pgf/compatibility\pgfc
omp-version-0-65.sty
Package: pgfcomp-version-0-65 2025-08-29 v3.1.11a (3.1.11a)
\pgf@nodesepstart=\dimen321
\pgf@nodesepend=\dimen322
)
(C:\Users\eliot\AppData\Local\Programs\MiKTeX3\tex/latex/pgf/compatibility\pgfc
omp-version-1-18.sty
Package: pgfcomp-version-1-18 2025-08-29 v3.1.11a (3.1.11a)
))
(C:\Users\eliot\AppData\Local\Programs\MiKTeX3\tex/latex/pgf/utilities\pgffor.s
ty
(C:\Users\eliot\AppData\Local\Programs\MiKTeX3\tex/generic/pgf/utilities\pgffor
.code.tex
Package: pgffor 2025-08-29 v3.1.11a (3.1.11a)
\pgffor@iter=\dimen323
\pgffor@skip=\dimen324
\pgffor@stack=\toks48
\pgffor@toks=\toks49
))
(C:\Users\eliot\AppData\Local\Programs\MiKTeX3\tex/generic/pgf/frontendlayer/ti
kz\tikz.code.tex
Package: tikz 2025-08-29 v3.1.11a (3.1.11a)

(C:\Users\eliot\AppData\Local\Programs\MiKTeX3\tex/generic/pgf/libraries\pgflib
raryplothandlers.code.tex
File: pgflibraryplothandlers.code.tex 2025-08-29 v3.1.11a (3.1.11a)
\pgf@plot@mark@count=\count392
\pgfplotmarksize=\dimen325
)
\tikz@lastx=\dimen326
\tikz@lasty=\dimen327
\tikz@lastxsaved=\dimen328
\tikz@lastysaved=\dimen329
\tikz@lastmovetox=\dimen330
\tikz@lastmovetoy=\dimen331
\tikzleveldistance=\dimen332
\tikzsiblingdistance=\dimen333
\tikz@figbox=\box80
\tikz@figbox@bg=\box81
\tikz@tempbox=\box82
\tikz@tempbox@bg=\box83
\tikztreelevel=\count393
\tikznumberofchildren=\count394
\tikznumberofcurrentchild=\count395
\tikz@fig@count=\count396

(C:\Users\eliot\AppData\Local\Programs\MiKTeX3\tex/generic/pgf/modules\pgfmodul
ematrix.code.tex
File: pgfmodulematrix.code.tex 2025-08-29 v3.1.11a (3.1.11a)
\pgfmatrixcurrentrow=\count397
\pgfmatrixcurrentcolumn=\count398
\pgf@matrix@numberofcolumns=\count399
)
\tikz@expandcount=\count400

(C:\Users\eliot\AppData\Local\Programs\MiKTeX3\tex/generic/pgf/frontendlayer/ti
kz/libraries\tikzlibrarytopaths.code.tex
File: tikzlibrarytopaths.code.tex 2025-08-29 v3.1.11a (3.1.11a)
)))
(C:\Users\eliot\AppData\Local\Programs\MiKTeX3\tex/latex/pgfplots\pgfplots.sty
(C:\Users\eliot\AppData\Local\Programs\MiKTeX3\tex/generic/pgfplots\pgfplots.re
vision.tex)
Package: pgfplots 2021/05/15 v1.18.1 Data Visualization (1.18.1)

(C:\Users\eliot\AppData\Local\Programs\MiKTeX3\tex/generic/pgfplots\pgfplots.co
de.tex
(C:\Users\eliot\AppData\Local\Programs\MiKTeX3\tex/generic/pgfplots\pgfplotscor
e.code.tex
\t@pgfplots@toka=\toks50
\t@pgfplots@tokb=\toks51
\t@pgfplots@tokc=\toks52
\pgfplots@tmpa=\dimen334
\c@pgfplots@coordindex=\count401
\c@pgfplots@scanlineindex=\count402

(C:\Users\eliot\AppData\Local\Programs\MiKTeX3\tex/generic/pgfplots/sys\pgfplot
ssysgeneric.code.tex))
(C:\Users\eliot\AppData\Local\Programs\MiKTeX3\tex/generic/pgfplots/libs\pgfplo
tslibrary.code.tex)
(C:\Users\eliot\AppData\Local\Programs\MiKTeX3\tex/generic/pgfplots/oldpgfcompa
tib\pgfplotsoldpgfsupp_loader.code.tex
(C:\Users\eliot\AppData\Local\Programs\MiKTeX3\tex/generic/pgf/libraries\pgflib
raryfpu.code.tex)
Package pgfplots: loading complementary utilities for your pgf version...
\t@pgf@toka=\toks53
\t@pgf@tokb=\toks54
\t@pgf@tokc=\toks55

(C:\Users\eliot\AppData\Local\Programs\MiKTeX3\tex/generic/pgfplots/oldpgfcompa
tib\pgfplotsoldpgfsupp_pgfutil-common-lists.tex))
(C:\Users\eliot\AppData\Local\Programs\MiKTeX3\tex/generic/pgfplots/util\pgfplo
tsutil.code.tex
(C:\Users\eliot\AppData\Local\Programs\MiKTeX3\tex/generic/pgfplots/liststructu
re\pgfplotsliststructure.code.tex)
(C:\Users\eliot\AppData\Local\Programs\MiKTeX3\tex/generic/pgfplots/liststructu
re\pgfplotsliststructureext.code.tex)
(C:\Users\eliot\AppData\Local\Programs\MiKTeX3\tex/generic/pgfplots/liststructu
re\pgfplotsarray.code.tex
\c@pgfplotsarray@tmp=\count403
)
(C:\Users\eliot\AppData\Local\Programs\MiKTeX3\tex/generic/pgfplots/liststructu
re\pgfplotsmatrix.code.tex)
(C:\Users\eliot\AppData\Local\Programs\MiKTeX3\tex/generic/pgfplots/numtable\pg
fplotstableshared.code.tex
\c@pgfplotstable@counta=\count404
\t@pgfplotstable@a=\toks56
)
(C:\Users\eliot\AppData\Local\Programs\MiKTeX3\tex/generic/pgfplots/liststructu
re\pgfplotsdeque.code.tex)
(C:\Users\eliot\AppData\Local\Programs\MiKTeX3\tex/generic/pgfplots/util\pgfplo
tsbinary.code.tex
(C:\Users\eliot\AppData\Local\Programs\MiKTeX3\tex/generic/pgfplots/util\pgfplo
tsbinary.data.code.tex))
(C:\Users\eliot\AppData\Local\Programs\MiKTeX3\tex/generic/pgfplots/util\pgfplo
tsutil.verb.code.tex)
(C:\Users\eliot\AppData\Local\Programs\MiKTeX3\tex/generic/pgfplots/libs\pgflib
rarypgfplots.surfshading.code.tex
\c@pgfplotslibrarysurf@no=\count405

(C:\Users\eliot\AppData\Local\Programs\MiKTeX3\tex/generic/pgfplots/sys\pgflibr
arypgfplots.surfshading.pgfsys-xetex.def
(C:\Users\eliot\AppData\Local\Programs\MiKTeX3\tex/generic/pgfplots/sys\pgflibr
arypgfplots.surfshading.pgfsys-dvipdfmx.def
\c@pgfplotslibrarysurf@streamlen=\count406
))))
(C:\Users\eliot\AppData\Local\Programs\MiKTeX3\tex/generic/pgfplots/util\pgfplo
tscolormap.code.tex
(C:\Users\eliot\AppData\Local\Programs\MiKTeX3\tex/generic/pgfplots/util\pgfplo
tscolor.code.tex))
(C:\Users\eliot\AppData\Local\Programs\MiKTeX3\tex/generic/pgfplots\pgfplotssta
ckedplots.code.tex)
(C:\Users\eliot\AppData\Local\Programs\MiKTeX3\tex/generic/pgfplots\pgfplotsplo
thandlers.code.tex
(C:\Users\eliot\AppData\Local\Programs\MiKTeX3\tex/generic/pgfplots\pgfplotsmes
hplothandler.code.tex
(C:\Users\eliot\AppData\Local\Programs\MiKTeX3\tex/generic/pgfplots\pgfplotsmes
hplotimage.code.tex)))
(C:\Users\eliot\AppData\Local\Programs\MiKTeX3\tex/generic/pgfplots\pgfplots.sc
aling.code.tex)
(C:\Users\eliot\AppData\Local\Programs\MiKTeX3\tex/generic/pgfplots\pgfplotscoo
rdprocessing.code.tex)
(C:\Users\eliot\AppData\Local\Programs\MiKTeX3\tex/generic/pgfplots\pgfplots.er
rorbars.code.tex)
(C:\Users\eliot\AppData\Local\Programs\MiKTeX3\tex/generic/pgfplots\pgfplots.ma
rkers.code.tex)
(C:\Users\eliot\AppData\Local\Programs\MiKTeX3\tex/generic/pgfplots\pgfplotstic
ks.code.tex)
(C:\Users\eliot\AppData\Local\Programs\MiKTeX3\tex/generic/pgfplots\pgfplots.pa
ths.code.tex)
(C:\Users\eliot\AppData\Local\Programs\MiKTeX3\tex/generic/pgf/frontendlayer/ti
kz/libraries\tikzlibrarydecorations.code.tex
(C:\Users\eliot\AppData\Local\Programs\MiKTeX3\tex/generic/pgf/modules\pgfmodul
edecorations.code.tex
\pgfdecoratedcompleteddistance=\dimen335
\pgfdecoratedremainingdistance=\dimen336
\pgfdecoratedinputsegmentcompleteddistance=\dimen337
\pgfdecoratedinputsegmentremainingdistance=\dimen338
\pgf@decorate@distancetomove=\dimen339
\pgf@decorate@repeatstate=\count407
\pgfdecorationsegmentamplitude=\dimen340
\pgfdecorationsegmentlength=\dimen341
)
\tikz@lib@dec@box=\box84
)
(C:\Users\eliot\AppData\Local\Programs\MiKTeX3\tex/generic/pgf/frontendlayer/ti
kz/libraries\tikzlibrarydecorations.pathmorphing.code.tex
(C:\Users\eliot\AppData\Local\Programs\MiKTeX3\tex/generic/pgf/libraries/decora
tions\pgflibrarydecorations.pathmorphing.code.tex))
(C:\Users\eliot\AppData\Local\Programs\MiKTeX3\tex/generic/pgf/frontendlayer/ti
kz/libraries\tikzlibrarydecorations.pathreplacing.code.tex
(C:\Users\eliot\AppData\Local\Programs\MiKTeX3\tex/generic/pgf/libraries/decora
tions\pgflibrarydecorations.pathreplacing.code.tex))
(C:\Users\eliot\AppData\Local\Programs\MiKTeX3\tex/generic/pgfplots/libs\tikzli
brarypgfplots.contourlua.code.tex)
\pgfplots@numplots=\count408
\pgfplots@xmin@reg=\dimen342
\pgfplots@xmax@reg=\dimen343
\pgfplots@ymin@reg=\dimen344
\pgfplots@ymax@reg=\dimen345
\pgfplots@zmin@reg=\dimen346
\pgfplots@zmax@reg=\dimen347
)
(C:\Users\eliot\AppData\Local\Programs\MiKTeX3\tex/generic/pgf/frontendlayer/ti
kz/libraries\tikzlibraryplotmarks.code.tex
File: tikzlibraryplotmarks.code.tex 2025-08-29 v3.1.11a (3.1.11a)

(C:\Users\eliot\AppData\Local\Programs\MiKTeX3\tex/generic/pgf/libraries\pgflib
raryplotmarks.code.tex
File: pgflibraryplotmarks.code.tex 2025-08-29 v3.1.11a (3.1.11a)
)))
(C:\Users\eliot\AppData\Local\Programs\MiKTeX3\tex/latex/anyfontsize\anyfontsiz
e.sty
Invalid UTF-8 byte or sequence at line 3 replaced by U+FFFD.
Invalid UTF-8 byte or sequence at line 3 replaced by U+FFFD.
Package: anyfontsize 2007/11/22 anyfontsize.sty by pts
)
\sepwidth=\skip87
\colwidth=\skip88
File: logos/logo_toulouse_rose.png Graphic file (type bmp)
<logos/logo_toulouse_rose.png>
File: logos/neusta_logo.png Graphic file (type bmp)
<logos/neusta_logo.png>
 (poster.aux)
\openout1 = `poster.aux'.

LaTeX Font Info:    Checking defaults for OML/cmm/m/it on input line 79.
LaTeX Font Info:    ... okay on input line 79.
LaTeX Font Info:    Checking defaults for OMS/cmsy/m/n on input line 79.
LaTeX Font Info:    ... okay on input line 79.
LaTeX Font Info:    Checking defaults for OT1/cmr/m/n on input line 79.
LaTeX Font Info:    ... okay on input line 79.
LaTeX Font Info:    Checking defaults for T1/cmr/m/n on input line 79.
LaTeX Font Info:    ... okay on input line 79.
LaTeX Font Info:    Checking defaults for TS1/cmr/m/n on input line 79.
LaTeX Font Info:    ... okay on input line 79.
LaTeX Font Info:    Checking defaults for TU/lmr/m/n on input line 79.
LaTeX Font Info:    ... okay on input line 79.
LaTeX Font Info:    Checking defaults for OMX/cmex/m/n on input line 79.
LaTeX Font Info:    ... okay on input line 79.
LaTeX Font Info:    Checking defaults for U/cmr/m/n on input line 79.
LaTeX Font Info:    ... okay on input line 79.
LaTeX Font Info:    Checking defaults for PD1/pdf/m/n on input line 79.
LaTeX Font Info:    ... okay on input line 79.
LaTeX Font Info:    Checking defaults for PU/pdf/m/n on input line 79.
LaTeX Font Info:    ... okay on input line 79.

*geometry* driver: auto-detecting
*geometry* detected driver: xetex
*geometry* verbose mode - [ preamble ] result:
* driver: xetex
* paper: custom
* layout: <same size as paper>
* layoutoffset:(h,v)=(0.0pt,0.0pt)
* modes: includehead includefoot 
* h-part:(L,W,R)=(28.45274pt, 3414.33072pt, 28.45274pt)
* v-part:(T,H,B)=(0.0pt, 2589.20078pt, 0.0pt)
* \paperwidth=3471.2362pt
* \paperheight=2589.20078pt
* \textwidth=3414.33072pt
* \textheight=2560.74805pt
* \oddsidemargin=-43.81725pt
* \evensidemargin=-43.81725pt
* \topmargin=-72.26999pt
* \headheight=14.22636pt
* \headsep=0.0pt
* \topskip=11.0pt
* \footskip=14.22636pt
* \marginparwidth=4.0pt
* \marginparsep=10.0pt
* \columnsep=10.0pt
* \skip\footins=10.0pt plus 4.0pt minus 2.0pt
* \hoffset=0.0pt
* \voffset=0.0pt
* \mag=1000
* \@twocolumnfalse
* \@twosidefalse
* \@mparswitchfalse
* \@reversemarginfalse
* (1in=72.27pt=25.4mm, 1cm=28.453pt)

Package hyperref Info: Link coloring OFF on input line 79.
(poster.out) (poster.out)
\@outlinefile=\write5
\openout5 = `poster.out'.


(C:\Users\eliot\AppData\Local\Programs\MiKTeX3\tex/latex/translator\translator-
basic-dictionary-English.dict
Dictionary: translator-basic-dictionary, Language: English 
)
(C:\Users\eliot\AppData\Local\Programs\MiKTeX3\tex/latex/translator\translator-
bibliography-dictionary-English.dict
Dictionary: translator-bibliography-dictionary, Language: English 
)
(C:\Users\eliot\AppData\Local\Programs\MiKTeX3\tex/latex/translator\translator-
environment-dictionary-English.dict
Dictionary: translator-environment-dictionary, Language: English 
)
(C:\Users\eliot\AppData\Local\Programs\MiKTeX3\tex/latex/translator\translator-
months-dictionary-English.dict
Dictionary: translator-months-dictionary, Language: English 
)
(C:\Users\eliot\AppData\Local\Programs\MiKTeX3\tex/latex/translator\translator-
numbers-dictionary-English.dict
Dictionary: translator-numbers-dictionary, Language: English 
)
(C:\Users\eliot\AppData\Local\Programs\MiKTeX3\tex/latex/translator\translator-
theorem-dictionary-English.dict
Dictionary: translator-theorem-dictionary, Language: English 
)
Package pgfplots notification 'compat/show suggested version=true': you might b
enefit from \pgfplotsset{compat=1.18} (current compat level: 1.14).

(poster.nav)
LaTeX Font Info:    Font shape `TU/lmss/m/it' in size <24.89> not available
(Font)              Font shape `TU/lmss/m/sl' tried instead on input line 79.
File: logos/neusta_logo.png Graphic file (type bmp)
<logos/neusta_logo.png>
LaTeX Font Info:    Trying to load font information for OT1+lmr on input line 7
9.

(C:\Users\eliot\AppData\Local\Programs\MiKTeX3\tex/latex/lm\ot1lmr.fd
File: ot1lmr.fd 2015/05/01 v1.6.1 Font defs for Latin Modern
)
LaTeX Font Info:    Trying to load font information for OML+lmm on input line 7
9.

(C:\Users\eliot\AppData\Local\Programs\MiKTeX3\tex/latex/lm\omllmm.fd
File: omllmm.fd 2015/05/01 v1.6.1 Font defs for Latin Modern
)
LaTeX Font Info:    Trying to load font information for OMS+lmsy on input line 
79.

(C:\Users\eliot\AppData\Local\Programs\MiKTeX3\tex/latex/lm\omslmsy.fd
File: omslmsy.fd 2015/05/01 v1.6.1 Font defs for Latin Modern
)
LaTeX Font Info:    External font `cmex7' loaded for size
(Font)              <7> on input line 79.
File: logos/logo_toulouse_rose.png Graphic file (type bmp)
<logos/logo_toulouse_rose.png>
File: logos/neusta_logo.png Graphic file (type bmp)
<logos/neusta_logo.png>
File: logos/logo_toulouse_rose.png Graphic file (type bmp)
<logos/logo_toulouse_rose.png>
LaTeX Font Info:    Font shape `TU/lmss/m/it' in size <29.86> not available
(Font)              Font shape `TU/lmss/m/sl' tried instead on input line 222.
File: figures/diag_bench_models.png Graphic file (type bmp)
<figures/diag_bench_models.png>
LaTeX Font Info:    Calculating math sizes for size <24.89> on input line 222.
File: figures/diagrame_perfmances_parametres.png Graphic file (type bmp)
<figures/diagrame_perfmances_parametres.png>
File: figures/3D_representation.png Graphic file (type bmp)
<figures/3D_representation.png>

(poster.bbl)
File: logos/neusta_logo.png Graphic file (type bmp)
<logos/neusta_logo.png>
File: logos/logo_toulouse_rose.png Graphic file (type bmp)
<logos/logo_toulouse_rose.png>
 [1

]
\tf@nav=\write6
\openout6 = `poster.nav'.

\tf@toc=\write7
\openout7 = `poster.toc'.

\tf@snm=\write8
\openout8 = `poster.snm'.

 (poster.aux)
 ***********
LaTeX2e <2025-11-01>
L3 programming layer <2025-12-24>
 ***********
Package rerunfilecheck Info: File `poster.out' has not changed.
(rerunfilecheck)             Checksum: D41D8CD98F00B204E9800998ECF8427E;0.
 ) 
Here is how much of TeX's memory you used:
 38240 strings out of 402987
 925343 string characters out of 5448317
 1579147 words of memory out of 5000000
 66259 multiletter control sequences out of 15000+600000
 656224 words of font info for 92 fonts, out of 8000000 for 9000
 1348 hyphenation exceptions out of 8191
 128i,19n,123p,729b,964s stack positions out of 10000i,1000n,20000p,200000b,200000s

Output written on poster.pdf (1 page).
